\BOOKMARK [1][-]{section.1}{\376\377\000T\000o\000o\000l\000s\000\040\000a\000n\000d\000\040\000D\000e\000p\000e\000n\000d\000e\000n\000c\000i\000e\000s}{}% 1
\BOOKMARK [2][-]{subsection.1.1}{\376\377\000T\000o\000o\000l\000s}{section.1}% 2
\BOOKMARK [2][-]{subsection.1.2}{\376\377\000D\000e\000p\000e\000n\000d\000e\000n\000c\000i\000e\000s}{section.1}% 3
\BOOKMARK [1][-]{section.2}{\376\377\000M\000o\000d\000u\000l\000e\000s}{}% 4
\BOOKMARK [2][-]{subsection.2.1}{\376\377\000A\000r\000i\000t\000h\000m\000e\000t\000i\000c}{section.2}% 5
\BOOKMARK [3][-]{subsubsection.2.1.1}{\376\377\000A\000d\000d\000i\000t\000i\000o\000n}{subsection.2.1}% 6
\BOOKMARK [3][-]{subsubsection.2.1.2}{\376\377\000S\000u\000b\000t\000r\000a\000c\000t\000i\000o\000n}{subsection.2.1}% 7
\BOOKMARK [3][-]{subsubsection.2.1.3}{\376\377\000M\000u\000l\000t\000i\000p\000l\000i\000c\000a\000t\000i\000o\000n}{subsection.2.1}% 8
\BOOKMARK [3][-]{subsubsection.2.1.4}{\376\377\000E\000x\000p\000o\000n\000e\000n\000t\000i\000a\000t\000i\000o\000n}{subsection.2.1}% 9
\BOOKMARK [2][-]{subsection.2.2}{\376\377\000C\000a\000l\000c\000u\000l\000u\000s}{section.2}% 10
\BOOKMARK [3][-]{subsubsection.2.2.1}{\376\377\000D\000i\000f\000f\000e\000r\000e\000n\000t\000i\000a\000l}{subsection.2.2}% 11
\BOOKMARK [3][-]{subsubsection.2.2.2}{\376\377\000I\000n\000t\000e\000g\000r\000a\000l}{subsection.2.2}% 12
\BOOKMARK [2][-]{subsection.2.3}{\376\377\000L\000i\000n\000e\000a\000r\000\040\000A\000l\000g\000e\000b\000r\000a}{section.2}% 13
\BOOKMARK [3][-]{subsubsection.2.3.1}{\376\377\000V\000e\000c\000t\000o\000r\000\040\000A\000d\000d\000i\000t\000i\000o\000n}{subsection.2.3}% 14
\BOOKMARK [3][-]{subsubsection.2.3.2}{\376\377\000V\000e\000c\000t\000o\000r\000\040\000S\000u\000b\000t\000r\000a\000c\000t\000i\000o\000n}{subsection.2.3}% 15
\BOOKMARK [3][-]{subsubsection.2.3.3}{\376\377\000V\000e\000c\000t\000o\000r\000\040\000M\000u\000l\000t\000i\000p\000l\000i\000c\000a\000t\000i\000o\000n}{subsection.2.3}% 16
\BOOKMARK [2][-]{subsection.2.4}{\376\377\000N\000u\000m\000b\000e\000r\000\040\000T\000h\000e\000o\000r\000y}{section.2}% 17
\BOOKMARK [3][-]{subsubsection.2.4.1}{\376\377\000C\000a\000e\000s\000a\000r\000\040\000C\000i\000p\000h\000e\000r}{subsection.2.4}% 18
\BOOKMARK [3][-]{subsubsection.2.4.2}{\376\377\000M\000o\000n\000o\000a\000l\000p\000h\000a\000b\000e\000t\000i\000c\000\040\000S\000u\000b\000s\000t\000i\000t\000u\000t\000i\000o\000n\000\040\000K\000e\000y\000w\000o\000r\000d\000\040\000C\000i\000p\000h\000e\000r}{subsection.2.4}% 19
\BOOKMARK [3][-]{subsubsection.2.4.3}{\376\377\000R\000i\000v\000e\000s\000t\000\040\000C\000i\000p\000h\000e\000r\000\040\0002\000\040\000\050\000R\000C\0002\000\051\000\040\000E\000n\000c\000r\000y\000p\000t\000i\000o\000n\000\040\000A\000l\000g\000o\000r\000i\000t\000h\000m}{subsection.2.4}% 20
\BOOKMARK [3][-]{subsubsection.2.4.4}{\376\377\000R\000i\000v\000e\000s\000t\000\040\000C\000i\000p\000h\000e\000r\000\040\0004\000\040\000\050\000R\000C\0004\000\051\000\040\000E\000n\000c\000r\000y\000p\000t\000i\000o\000n\000\040\000A\000l\000g\000o\000r\000i\000t\000h\000m}{subsection.2.4}% 21
\BOOKMARK [3][-]{subsubsection.2.4.5}{\376\377\000R\000i\000v\000e\000s\000t\000\040\000C\000i\000p\000h\000e\000r\000\040\0005\000\040\000\050\000R\000C\0005\000\051\000\040\000E\000n\000c\000r\000y\000p\000t\000i\000o\000n\000\040\000A\000l\000g\000o\000r\000i\000t\000h\000m}{subsection.2.4}% 22
\BOOKMARK [3][-]{subsubsection.2.4.6}{\376\377\000R\000i\000v\000e\000s\000t\000\040\000C\000i\000p\000h\000e\000r\000\040\0006\000\040\000\050\000R\000C\0006\000\051\000\040\000E\000n\000c\000r\000y\000p\000t\000i\000o\000n\000\040\000A\000l\000g\000o\000r\000i\000t\000h\000m}{subsection.2.4}% 23
\BOOKMARK [2][-]{subsection.2.5}{\376\377\000D\000e\000e\000p\000\040\000L\000e\000a\000r\000n\000i\000n\000g}{section.2}% 24
\BOOKMARK [3][-]{subsubsection.2.5.1}{\376\377\000L\000i\000n\000e\000a\000r\000\040\000R\000e\000g\000r\000e\000s\000s\000i\000o\000n}{subsection.2.5}% 25
\BOOKMARK [3][-]{subsubsection.2.5.2}{\376\377\000C\000r\000o\000s\000s\000\040\000V\000a\000l\000i\000d\000a\000t\000i\000o\000n}{subsection.2.5}% 26
\BOOKMARK [3][-]{subsubsection.2.5.3}{\376\377\000K\000-\000F\000o\000l\000d\000\040\000C\000r\000o\000s\000s\000\040\000V\000a\000l\000i\000d\000a\000t\000i\000o\000n}{subsection.2.5}% 27
\BOOKMARK [2][-]{subsection.2.6}{\376\377\000C\000o\000m\000p\000l\000e\000x}{section.2}% 28
\BOOKMARK [3][-]{subsubsection.2.6.1}{\376\377\000T\000o\000p\000o\000l\000o\000g\000y}{subsection.2.6}% 29
\BOOKMARK [3][-]{subsubsection.2.6.2}{\376\377\000D\000y\000n\000a\000m\000i\000c\000a\000l\000\040\000S\000y\000s\000t\000e\000m\000s}{subsection.2.6}% 30
\BOOKMARK [3][-]{subsubsection.2.6.3}{\376\377\000S\000p\000l\000i\000n\000e}{subsection.2.6}% 31
